{"level":"error","message":"[Error] Mensaje personalizado","service":"user-service"}
{"level":"error","message":"[Error] Mensaje personalizado","service":"user-service"}
{"level":"error","message":"[Error] Mensaje personalizado","service":"user-service"}
{"level":"error","message":"[Error] Mensaje personalizado","service":"user-service"}
{"level":"error","message":"[Error] Mensaje personalizado","service":"user-service"}
{"level":"error","message":"[Error] Mensaje personalizado","service":"user-service"}
{"level":"error","message":"[Error] Mensaje personalizado","service":"user-service"}
{"level":"error","message":"[Error] Mensaje personalizado","service":"user-service"}
{"level":"error","message":"[Error] Mensaje personalizado","service":"user-service"}
{"level":"error","message":"[Error] Mensaje personalizado","service":"user-service"}
{"level":"error","message":"[Error] Mensaje personalizado","service":"user-service"}
{"level":"error","message":"[Error] Mensaje personalizado","service":"user-service"}
{"level":"error","message":"[Error] Mensaje personalizado","service":"user-service"}
{"level":"error","message":"[Error] Mensaje personalizado","service":"user-service"}
{"level":"error","message":"[Error] Mensaje personalizado","service":"user-service"}
{"level":"error","message":"[Error] Mensaje personalizado","service":"user-service"}
{"level":"error","message":"[Error] Mensaje personalizado","service":"user-service"}
{"level":"error","message":"[Error] Mensaje personalizado","service":"user-service"}
{"level":"error","message":"[Error] Mensaje personalizado","service":"user-service"}
{"level":"error","message":"[Error] Mensaje personalizado","service":"user-service"}
{"level":"error","message":"[Error] Mensaje personalizado","service":"user-service"}
{"level":"error","message":"[Error] Mensaje personalizado","service":"user-service"}
{"level":"error","message":"[Error] Mensaje personalizado","service":"user-service"}
{"level":"error","message":"[Error] Mensaje personalizado","service":"user-service"}
{"level":"error","message":"[Error] Mensaje personalizado","service":"user-service"}
{"level":"error","message":"[Error] Mensaje personalizado","service":"user-service"}
{"level":"error","message":"[Error] Mensaje personalizado","service":"user-service"}
{"level":"error","message":"[Error] Mensaje personalizado","service":"user-service"}
{"level":"error","message":"[Error] Mensaje personalizado","service":"user-service"}
{"level":"error","message":"[Error] Mensaje personalizado","service":"user-service"}
{"level":"error","message":"[Error] Mensaje personalizado","service":"user-service"}
{"level":"error","message":"[Error] Mensaje personalizado","service":"user-service"}
{"level":"error","message":"[Error] Mensaje personalizado","service":"user-service"}
{"level":"error","message":"[Error] Mensaje personalizado","service":"user-service"}
{"level":"error","message":"[Error] Mensaje personalizado","service":"user-service"}
{"level":"error","message":"[Error] Mensaje personalizado","service":"user-service"}
{"level":"error","message":"[Error] Mensaje personalizado","service":"user-service"}
{"level":"error","message":"[Error] Mensaje personalizado","service":"user-service"}
{"level":"error","message":"[Error] Mensaje personalizado","service":"user-service"}
{"level":"error","message":"[Error] Mensaje personalizado","service":"user-service"}
{"level":"error","message":"[Error] Mensaje personalizado","service":"user-service"}
{"level":"error","message":"[Error] Mensaje personalizado","service":"user-service"}
{"level":"error","message":"[Error] Mensaje personalizado","service":"user-service"}
{"level":"error","message":"[Error] Mensaje personalizado","service":"user-service"}
{"level":"error","message":"[Error] Mensaje personalizado","service":"user-service"}
{"level":"error","message":"[Error] Mensaje personalizado","service":"user-service"}
{"level":"error","message":"[Error] Mensaje personalizado","service":"user-service"}
{"level":"error","message":"[Error] Mensaje personalizado","service":"user-service"}
{"level":"error","message":"[Error] Mensaje personalizado","service":"user-service"}
{"level":"error","message":"[Error] Mensaje personalizado","service":"user-service"}
{"level":"error","message":"[Error] Mensaje personalizado","service":"user-service"}
{"level":"error","message":"","service":"user-service"}
{"level":"error","message":"[Error] Mensaje personalizado","service":"user-service"}
{"level":"error","message":"","service":"user-service"}
{"level":"error","message":"[Error] Mensaje personalizado","service":"user-service"}
{"level":"error","message":"","service":"user-service"}
{"level":"error","message":"[Error] Mensaje personalizado","service":"user-service"}
{"level":"error","message":"[","service":"user-service"}
{"level":"error","message":"[Error] Mensaje personalizado","service":"user-service"}
{"level":"error","message":"[E","service":"user-service"}
{"level":"error","message":"[Error] Mensaje personalizado","service":"user-service"}
{"level":"error","message":"[Er","service":"user-service"}
{"level":"error","message":"[Error] Mensaje personalizado","service":"user-service"}
{"level":"error","message":"[Error","service":"user-service"}
{"level":"error","message":"[Error] Mensaje personalizado","service":"user-service"}
{"level":"error","message":"[Error]","service":"user-service"}
{"level":"error","message":"[Error] Mensaje personalizado","service":"user-service"}
{"level":"error","message":"[Error] ","service":"user-service"}
{"level":"error","message":"[Error] Mensaje personalizado","service":"user-service"}
{"level":"error","message":"[Error]","service":"user-service"}
{"level":"error","message":"[Error] Mensaje personalizado","service":"user-service"}
{"level":"error","message":"[Error]","service":"user-service"}
{"level":"error","message":"[Error] Mensaje personalizado","service":"user-service"}
{"level":"error","message":"[Error] Mensaje personalizado","service":"user-service"}
{"level":"error","message":"[Error] Mensaje personalizado","service":"user-service"}
{"level":"error","message":"[Error] Mensaje personalizado","service":"user-service"}
{"level":"error","message":"[Error] Mensaje personalizado","service":"user-service"}
{"level":"error","message":"[Error] Mensaje personalizado","service":"user-service"}
{"level":"error","message":"[Error] Mensaje personalizado","service":"user-service"}
{"level":"error","message":"[Error] Mensaje personalizado","service":"user-service"}
{"level":"error","message":"[Error] Mensaje personalizado","service":"user-service"}
{"level":"error","message":"[Error] Mensaje personalizado","service":"user-service"}
{"level":"error","message":"[Error] Mensaje personalizado","service":"user-service"}
{"level":"error","message":"[Error] Mensaje personalizado","service":"user-service"}
{"level":"error","message":"[Error] Mensaje personalizado","service":"user-service"}
{"level":"error","message":"[Error] Mensaje personalizado","service":"user-service"}
{"level":"error","message":"[Error] Mensaje personalizado","service":"user-service"}
{"level":"error","message":"[Error] Mensaje personalizado","service":"user-service"}
{"level":"error","message":"[Error] Mensaje personalizado","service":"user-service"}
{"level":"error","message":"[Error] Mensaje personalizado","service":"user-service"}
{"level":"error","message":"[Error] Mensaje personalizado","service":"user-service"}
{"level":"error","message":"[Error] Mensaje personalizado","service":"user-service"}
{"level":"error","message":"[Error] Mensaje personalizado","service":"user-service"}
{"level":"error","message":"[Error] Mensaje personalizado","service":"user-service"}
{"level":"error","message":"[Error] Mensaje personalizado","service":"user-service"}
{"level":"error","message":"[Error] Mensaje personalizado","service":"user-service"}
{"level":"error","message":"[Error] Mensaje personalizado","service":"user-service"}
{"level":"error","message":"[Error] Mensaje personalizado","service":"user-service"}
{"level":"error","message":"[Error] Mensaje personalizado","service":"user-service"}
{"level":"error","message":"[Error] Mensaje personalizado","service":"user-service"}
{"level":"error","message":"[Error] Mensaje personalizado","service":"user-service"}
{"level":"error","message":"[Error] Mensaje personalizado","service":"user-service"}
{"level":"error","message":"[Error] Mensaje personalizado","service":"user-service"}
{"level":"error","message":"[Error] Mensaje personalizado","service":"user-service"}
{"level":"error","message":"[Error] Mensaje personalizado","service":"user-service"}
{"level":"error","message":"[Error] Mensaje personalizado","service":"user-service"}
{"level":"error","message":"[Error] Mensaje personalizado","service":"user-service"}
{"level":"error","message":"[Error] Mensaje personalizado","service":"user-service"}
{"level":"error","message":"[Error] Mensaje personalizado","service":"user-service"}
{"level":"error","message":"[Error] Mensaje personalizado","service":"user-service"}
{"level":"error","message":"[Error] Mensaje personalizado","service":"user-service"}
{"level":"error","message":"[Error] Mensaje personalizado","service":"user-service"}
{"level":"error","message":"[Error] Mensaje personalizado","service":"user-service"}
{"level":"error","message":"[Error] Mensaje personalizado","service":"user-service"}
{"level":"error","message":"[Error] Mensaje personalizado","service":"user-service"}
{"level":"error","message":"[Error] Mensaje personalizado","service":"user-service"}
{"level":"error","message":"[Error] Mensaje personalizado","service":"user-service"}
{"level":"error","message":"[Error] Mensaje personalizado","service":"user-service"}
{"level":"error","message":"[Error] Mensaje personalizado","service":"user-service"}
{"level":"error","message":"[Error] Mensaje personalizado","service":"user-service"}
{"level":"error","message":"[Error] Mensaje personalizado","service":"user-service"}
{"level":"error","message":"[Error] Mensaje personalizado","service":"user-service"}
{"level":"error","message":"[Error] Mensaje personalizado","service":"user-service"}
{"level":"error","message":"[Error] Mensaje personalizado","service":"user-service"}
{"level":"error","message":"[Error] Mensaje personalizado","service":"user-service"}
{"level":"error","message":"[Error] Mensaje personalizado","service":"user-service"}
{"level":"error","message":"[Error] Mensaje personalizado","service":"user-service"}
{"level":"error","message":"[Error] Mensaje personalizado","service":"user-service"}
{"level":"error","message":"[Error] Mensaje personalizado","service":"user-service"}
{"level":"error","message":"[Error] Mensaje personalizado","service":"user-service"}
{"level":"error","message":"[Error] Mensaje personalizado","service":"user-service"}
{"level":"error","message":"[Error] Mensaje personalizado","service":"user-service"}
{"level":"error","message":"[Error] Mensaje personalizado","service":"user-service"}
{"level":"error","message":"[Error] Mensaje personalizado","service":"user-service"}
{"level":"error","message":"[Error] Mensaje personalizado","service":"user-service"}
{"level":"error","message":"[Error] Mensaje personalizado","service":"user-service"}
{"level":"error","message":"[Error] Mensaje personalizado","service":"user-service"}
{"level":"error","message":"[Error] Mensaje personalizado","service":"user-service"}
{"level":"error","message":"[Error] Mensaje personalizado","service":"user-service"}
{"level":"error","message":"[Error] Mensaje personalizado","service":"user-service"}
{"level":"error","message":"[Error] Mensaje personalizado","service":"user-service"}
{"level":"error","message":"[Error] Mensaje personalizado","service":"user-service"}
{"level":"error","message":"[Error] Mensaje personalizado","service":"user-service"}
{"level":"error","message":"[Error] Mensaje personalizado","service":"user-service"}
{"level":"error","message":"[Error] Mensaje personalizado","service":"user-service"}
{"level":"error","message":"[Error] Mensaje personalizado","service":"user-service"}
{"level":"error","message":"[Error] Mensaje personalizado","service":"user-service"}
{"level":"error","message":"[Error] Mensaje personalizado","service":"user-service"}
{"level":"error","message":"[Error] Mensaje personalizado","service":"user-service"}
{"level":"error","message":"[Error] Mensaje personalizado","service":"user-service"}
{"level":"error","message":"[Error] Mensaje personalizado","service":"user-service"}
{"level":"error","message":"[Error] Mensaje personalizado","service":"user-service"}
{"level":"error","message":"[Error] Mensaje personalizado","service":"user-service"}
{"level":"error","message":"[Error] Mensaje personalizado","service":"user-service"}
{"level":"error","message":"[Error] Mensaje personalizado","service":"user-service"}
{"level":"error","message":"[Error] Mensaje personalizado","service":"user-service"}
{"level":"error","message":"[Error] Mensaje personalizado","service":"user-service"}
{"level":"error","message":"[Error] Mensaje personalizado","service":"user-service"}
{"level":"error","message":"[Error] Mensaje personalizado","service":"user-service"}
{"level":"error","message":"[Error] Mensaje personalizado","service":"user-service"}
{"level":"error","message":"[Error] Mensaje personalizado","service":"user-service"}
{"level":"error","message":"[Error] Mensaje personalizado","service":"user-service"}
{"level":"error","message":"[Error] Mensaje personalizado","service":"user-service"}
{"level":"error","message":"[Error] Mensaje personalizado","service":"user-service"}
{"level":"error","message":"[Error] Mensaje personalizado","service":"user-service"}
{"level":"error","message":"[Error] Mensaje personalizado","service":"user-service"}
{"level":"error","message":"[Error] Mensaje personalizado","service":"user-service"}
{"level":"error","message":"[Error] Mensaje personalizado","service":"user-service"}
{"level":"error","message":"[Error] Mensaje personalizado","service":"user-service"}
{"level":"error","message":"[Error] Mensaje personalizado","service":"user-service"}
{"level":"error","message":"[Error] Mensaje personalizado","service":"user-service"}
{"level":"error","message":"[Error] Mensaje personalizado","service":"user-service"}
{"level":"error","message":"[Error] Mensaje personalizado","service":"user-service"}
{"level":"error","message":"[Error] Mensaje personalizado","service":"user-service"}
{"level":"error","message":"[Error] Mensaje personalizado","service":"user-service"}
{"level":"error","message":"[Error] Mensaje personalizado","service":"user-service"}
{"level":"error","message":"[Error] Mensaje personalizado","service":"user-service"}
{"level":"error","message":"[Error] Mensaje personalizado","service":"user-service"}
{"level":"error","message":"","service":"user-service"}
{"level":"error","message":"[Error] Mensaje personalizado","service":"user-service"}
{"level":"error","message":"","service":"user-service"}
{"level":"error","message":"[Error] Mensaje personalizado","service":"user-service"}
{"level":"error","message":"[Error] Error durante el programa: Introduce números para calcularlos.","service":"user-service"}
{"level":"error","message":"[Error] Mensaje personalizado","service":"user-service"}
{"level":"error","message":"[Error] Error durante el programa: Introduce números para calcularlos.","service":"user-service"}
{"level":"error","message":"[Error] Mensaje personalizado","service":"user-service"}
{"level":"error","message":"[Error] Error durante el programa: Introduce números para calcularlos.","service":"user-service"}
{"level":"error","message":"[Error] Mensaje personalizado","service":"user-service"}
{"level":"error","message":"[Error] Error durante el programa: Introduce números para calcularlos.","service":"user-service"}
{"level":"error","message":"[Error] Mensaje personalizado","service":"user-service"}
{"level":"error","message":"[Error] Error durante el programa: Introduce números para calcularlos.","service":"user-service"}
{"level":"error","message":"[Error] Mensaje personalizado","service":"user-service"}
